manifest-merger-release-report.txt
-- Merging decision tree log ---
manifest
ADDED from AndroidManifest.xml:2:1
	android:hardwareAccelerated
		ADDED from AndroidManifest.xml:2:11
	xmlns:android
		ADDED from AndroidManifest.xml:2:137
	package
		ADDED from AndroidManifest.xml:2:98
	android:versionName
		ADDED from AndroidManifest.xml:2:70
	android:versionCode
		ADDED from AndroidManifest.xml:2:46
		INJECTED from AndroidManifest.xml:0:0
		INJECTED from AndroidManifest.xml:0:0
supports-screens
ADDED from AndroidManifest.xml:3:5
	android:resizeable
		ADDED from AndroidManifest.xml:3:106
	android:largeScreens
		ADDED from AndroidManifest.xml:3:49
	android:anyDensity
		ADDED from AndroidManifest.xml:3:23
	android:normalScreens
		ADDED from AndroidManifest.xml:3:77
	android:xlargeScreens
		ADDED from AndroidManifest.xml:3:160
	android:smallScreens
		ADDED from AndroidManifest.xml:3:132
uses-permission#android.permission.INTERNET
ADDED from AndroidManifest.xml:4:5
	android:name
		ADDED from AndroidManifest.xml:4:22
application
ADDED from AndroidManifest.xml:5:5
MERGED from :wikitudesdk::11:5
	android:allowBackup
		ADDED from :wikitudesdk::12:9
	android:supportsRtl
		ADDED from AndroidManifest.xml:5:116
	android:label
		ADDED from AndroidManifest.xml:5:83
	android:icon
		ADDED from AndroidManifest.xml:5:53
	android:hardwareAccelerated
		ADDED from AndroidManifest.xml:5:18
activity#com.wikitude.phonegapsamples.MainActivity
ADDED from AndroidManifest.xml:6:9
	android:windowSoftInputMode
		ADDED from AndroidManifest.xml:6:248
	android:label
		ADDED from AndroidManifest.xml:6:97
	android:configChanges
		ADDED from AndroidManifest.xml:6:19
	android:theme
		ADDED from AndroidManifest.xml:6:194
	android:name
		ADDED from AndroidManifest.xml:6:166
	android:launchMode
		ADDED from AndroidManifest.xml:6:135
intent-filter#android.intent.action.MAIN+android.intent.category.LAUNCHER
ADDED from AndroidManifest.xml:7:13
	android:label
		ADDED from AndroidManifest.xml:7:28
action#android.intent.action.MAIN
ADDED from AndroidManifest.xml:8:17
	android:name
		ADDED from AndroidManifest.xml:8:25
category#android.intent.category.LAUNCHER
ADDED from AndroidManifest.xml:9:17
	android:name
		ADDED from AndroidManifest.xml:9:27
activity#com.wikitude.tools.activities.MediaPlayerActivity
ADDED from AndroidManifest.xml:12:9
	android:screenOrientation
		ADDED from AndroidManifest.xml:12:84
	android:name
		ADDED from AndroidManifest.xml:12:19
intent-filter#android.intent.action.VIEW+android.intent.category.DEFAULT
ADDED from AndroidManifest.xml:13:13
action#android.intent.action.VIEW
ADDED from AndroidManifest.xml:14:17
	android:name
		ADDED from AndroidManifest.xml:14:25
category#android.intent.category.DEFAULT
ADDED from AndroidManifest.xml:15:17
	android:name
		ADDED from AndroidManifest.xml:15:27
uses-sdk
ADDED from AndroidManifest.xml:19:5
MERGED from :wikitudesdk::7:5
MERGED from android:CordovaLib:unspecified:release:25:5
	android:targetSdkVersion
		ADDED from AndroidManifest.xml:19:42
	android:minSdkVersion
		ADDED from AndroidManifest.xml:19:15
uses-permission#android.permission.ACCESS_COARSE_LOCATION
ADDED from AndroidManifest.xml:20:5
	android:name
		ADDED from AndroidManifest.xml:20:22
uses-permission#android.permission.ACCESS_FINE_LOCATION
ADDED from AndroidManifest.xml:21:5
	android:name
		ADDED from AndroidManifest.xml:21:22
uses-permission#android.permission.ACCESS_LOCATION_EXTRA_COMMANDS
ADDED from AndroidManifest.xml:22:5
	android:name
		ADDED from AndroidManifest.xml:22:22
uses-permission#android.permission.ACCESS_NETWORK_STATE
ADDED from AndroidManifest.xml:23:5
	android:name
		ADDED from AndroidManifest.xml:23:22
uses-permission#android.permission.ACCESS_WIFI_STATE
ADDED from AndroidManifest.xml:24:5
	android:name
		ADDED from AndroidManifest.xml:24:22
uses-permission#android.permission.ACCESS_GPS
ADDED from AndroidManifest.xml:25:5
	android:name
		ADDED from AndroidManifest.xml:25:22
uses-permission#android.permission.CAMERA
ADDED from AndroidManifest.xml:26:5
	android:name
		ADDED from AndroidManifest.xml:26:22
uses-permission#android.permission.WRITE_EXTERNAL_STORAGE
ADDED from AndroidManifest.xml:27:5
	android:name
		ADDED from AndroidManifest.xml:27:22
uses-feature#0x00020000
ADDED from AndroidManifest.xml:28:5
	android:required
		ADDED from AndroidManifest.xml:28:52
	android:glEsVersion
		ADDED from AndroidManifest.xml:28:19
uses-feature#android.hardware.camera
ADDED from AndroidManifest.xml:29:5
	android:required
		ADDED from AndroidManifest.xml:29:58
	android:name
		ADDED from AndroidManifest.xml:29:19
uses-feature#android.hardware.location
ADDED from AndroidManifest.xml:30:5
	android:required
		ADDED from AndroidManifest.xml:30:60
	android:name
		ADDED from AndroidManifest.xml:30:19
uses-feature#android.hardware.sensor.accelerometer
ADDED from AndroidManifest.xml:31:5
	android:required
		ADDED from AndroidManifest.xml:31:72
	android:name
		ADDED from AndroidManifest.xml:31:19
uses-feature#android.hardware.sensor.compass
ADDED from AndroidManifest.xml:32:5
	android:required
		ADDED from AndroidManifest.xml:32:66
	android:name
		ADDED from AndroidManifest.xml:32:19